jpushDemo/jpush_demo/build/app/outputs/logs/manifest-merger-debug-report.txt
-- Merging decision tree log ---
manifest
ADDED from src/main/AndroidManifest.xml:1:1-33:12
INJECTED from src/main/AndroidManifest.xml:1:1-33:12
INJECTED from src/main/AndroidManifest.xml:1:1-33:12
INJECTED from src/main/AndroidManifest.xml:1:1-33:12
MERGED from src/main/AndroidManifest.xml:1:1-33:12
MERGED from [:jpush_flutter] AndroidManifest.xml:2:1-32:12
MERGED from [cn.jiguang.sdk:jpush:3.1.6] AndroidManifest.xml:2:1-134:12
MERGED from [cn.jiguang.sdk:jcore:1.2.5] AndroidManifest.xml:2:1-14:12
INJECTED from src/debug/AndroidManifest.xml:1:1-7:12
INJECTED from src/debug/AndroidManifest.xml:1:1-7:12
INJECTED from src/debug/AndroidManifest.xml:1:1-7:12
	package
		ADDED from src/main/AndroidManifest.xml:2:5-35
		INJECTED from src/main/AndroidManifest.xml
		INJECTED from src/debug/AndroidManifest.xml
	android:versionName
		INJECTED from src/main/AndroidManifest.xml
		ADDED from src/main/AndroidManifest.xml:1:1-33:12
		INJECTED from src/debug/AndroidManifest.xml
	android:versionCode
		INJECTED from src/main/AndroidManifest.xml
		ADDED from src/main/AndroidManifest.xml:1:1-33:12
		INJECTED from src/debug/AndroidManifest.xml
	xmlns:android
		ADDED from src/main/AndroidManifest.xml:1:11-69
application
ADDED from src/main/AndroidManifest.xml:9:5-32:19
MERGED from [:jpush_flutter] AndroidManifest.xml:7:5-30:19
MERGED from [:jpush_flutter] AndroidManifest.xml:7:5-30:19
MERGED from [cn.jiguang.sdk:jpush:3.1.6] AndroidManifest.xml:37:5-132:19
MERGED from [cn.jiguang.sdk:jpush:3.1.6] AndroidManifest.xml:37:5-132:19
MERGED from [cn.jiguang.sdk:jcore:1.2.5] AndroidManifest.xml:11:5-12:19
MERGED from [cn.jiguang.sdk:jcore:1.2.5] AndroidManifest.xml:11:5-12:19
	android:label
		ADDED from src/main/AndroidManifest.xml:11:9-35
	android:icon
		ADDED from src/main/AndroidManifest.xml:12:9-43
	android:name
		ADDED from src/main/AndroidManifest.xml:10:9-57
activity#com.omron.jpush_demo.MainActivity
ADDED from src/main/AndroidManifest.xml:13:9-31:20
	android:launchMode
		ADDED from src/main/AndroidManifest.xml:15:13-43
	android:hardwareAccelerated
		ADDED from src/main/AndroidManifest.xml:18:13-47
	android:windowSoftInputMode
		ADDED from src/main/AndroidManifest.xml:19:13-55
	android:configChanges
		ADDED from src/main/AndroidManifest.xml:17:13-144
	android:theme
		ADDED from src/main/AndroidManifest.xml:16:13-47
	android:name
		ADDED from src/main/AndroidManifest.xml:14:13-41
meta-data#io.flutter.app.android.SplashScreenUntilFirstFrame
ADDED from src/main/AndroidManifest.xml:24:13-26:40
	android:value
		ADDED from src/main/AndroidManifest.xml:26:17-37
	android:name
		ADDED from src/main/AndroidManifest.xml:25:17-82
intent-filter#action:name:android.intent.action.MAIN+category:name:android.intent.category.LAUNCHER
ADDED from src/main/AndroidManifest.xml:27:13-30:29
action#android.intent.action.MAIN
ADDED from src/main/AndroidManifest.xml:28:17-68
	android:name
		ADDED from src/main/AndroidManifest.xml:28:25-66
category#android.intent.category.LAUNCHER
ADDED from src/main/AndroidManifest.xml:29:17-76
	android:name
		ADDED from src/main/AndroidManifest.xml:29:27-74
uses-sdk
INJECTED from src/main/AndroidManifest.xml reason: use-sdk injection requested
INJECTED from src/main/AndroidManifest.xml
INJECTED from src/main/AndroidManifest.xml
MERGED from [:jpush_flutter] AndroidManifest.xml:5:5-44
MERGED from [:jpush_flutter] AndroidManifest.xml:5:5-44
MERGED from [cn.jiguang.sdk:jpush:3.1.6] AndroidManifest.xml:7:5-9:41
MERGED from [cn.jiguang.sdk:jpush:3.1.6] AndroidManifest.xml:7:5-9:41
MERGED from [cn.jiguang.sdk:jcore:1.2.5] AndroidManifest.xml:7:5-9:41
MERGED from [cn.jiguang.sdk:jcore:1.2.5] AndroidManifest.xml:7:5-9:41
INJECTED from src/debug/AndroidManifest.xml
INJECTED from src/debug/AndroidManifest.xml
	android:targetSdkVersion
		INJECTED from src/main/AndroidManifest.xml
		INJECTED from src/debug/AndroidManifest.xml
	android:minSdkVersion
		INJECTED from src/main/AndroidManifest.xml
		INJECTED from src/debug/AndroidManifest.xml
uses-permission#android.permission.INTERNET
ADDED from src/debug/AndroidManifest.xml:6:5-66
MERGED from [cn.jiguang.sdk:jpush:3.1.6] AndroidManifest.xml:18:5-67
MERGED from [cn.jiguang.sdk:jpush:3.1.6] AndroidManifest.xml:18:5-67
	android:name
		ADDED from src/debug/AndroidManifest.xml:6:22-64
receiver#com.jiguang.jpush.JPushPlugin$JPushReceiver
ADDED from [:jpush_flutter] AndroidManifest.xml:8:9-22:20
	android:enabled
		ADDED from [:jpush_flutter] AndroidManifest.xml:10:13-35
	android:exported
		ADDED from [:jpush_flutter] AndroidManifest.xml:11:13-37
	android:name
		ADDED from [:jpush_flutter] AndroidManifest.xml:9:13-71
intent-filter#action:name:cn.jpush.android.intent.CONNECTION+action:name:cn.jpush.android.intent.MESSAGE_RECEIVED+action:name:cn.jpush.android.intent.NOTIFICATION_CLICK_ACTION+action:name:cn.jpush.android.intent.NOTIFICATION_OPENED+action:name:cn.jpush.android.intent.NOTIFICATION_RECEIVED+action:name:cn.jpush.android.intent.REGISTRATION+category:name:${applicationId}
ADDED from [:jpush_flutter] AndroidManifest.xml:12:13-21:29
intent-filter#action:name:cn.jpush.android.intent.CONNECTION+action:name:cn.jpush.android.intent.MESSAGE_RECEIVED+action:name:cn.jpush.android.intent.NOTIFICATION_CLICK_ACTION+action:name:cn.jpush.android.intent.NOTIFICATION_OPENED+action:name:cn.jpush.android.intent.NOTIFICATION_RECEIVED+action:name:cn.jpush.android.intent.REGISTRATION+category:name:com.omron.jpush_demo
ADDED from [:jpush_flutter] AndroidManifest.xml:12:13-21:29
action#cn.jpush.android.intent.REGISTRATION
ADDED from [:jpush_flutter] AndroidManifest.xml:13:17-79
	android:name
		ADDED from [:jpush_flutter] AndroidManifest.xml:13:25-76
action#cn.jpush.android.intent.MESSAGE_RECEIVED
ADDED from [:jpush_flutter] AndroidManifest.xml:14:17-83
	android:name
		ADDED from [:jpush_flutter] AndroidManifest.xml:14:25-80
action#cn.jpush.android.intent.NOTIFICATION_RECEIVED
ADDED from [:jpush_flutter] AndroidManifest.xml:15:17-88
	android:name
		ADDED from [:jpush_flutter] AndroidManifest.xml:15:25-85
action#cn.jpush.android.intent.NOTIFICATION_OPENED
ADDED from [:jpush_flutter] AndroidManifest.xml:16:17-86
	android:name
		ADDED from [:jpush_flutter] AndroidManifest.xml:16:25-83
action#cn.jpush.android.intent.NOTIFICATION_CLICK_ACTION
ADDED from [:jpush_flutter] AndroidManifest.xml:17:17-92
	android:name
		ADDED from [:jpush_flutter] AndroidManifest.xml:17:25-89
action#cn.jpush.android.intent.CONNECTION
ADDED from [:jpush_flutter] AndroidManifest.xml:18:17-77
	android:name
		ADDED from [:jpush_flutter] AndroidManifest.xml:18:25-74
category#${applicationId}
ADDED from [:jpush_flutter] AndroidManifest.xml:20:17-61
	android:name
		ADDED from [:jpush_flutter] AndroidManifest.xml:20:27-58
category#com.omron.jpush_demo
ADDED from [:jpush_flutter] AndroidManifest.xml:20:17-61
	android:name
		ADDED from [:jpush_flutter] AndroidManifest.xml:20:27-58
receiver#com.jiguang.jpush.JPushEventReceiver
ADDED from [:jpush_flutter] AndroidManifest.xml:23:9-29:20
	android:name
		ADDED from [:jpush_flutter] AndroidManifest.xml:23:19-70
intent-filter#action:name:cn.jpush.android.intent.RECEIVE_MESSAGE+category:name:${applicationId}
ADDED from [:jpush_flutter] AndroidManifest.xml:24:13-28:29
intent-filter#action:name:cn.jpush.android.intent.RECEIVE_MESSAGE+category:name:com.omron.jpush_demo
ADDED from [:jpush_flutter] AndroidManifest.xml:24:13-28:29
action#cn.jpush.android.intent.RECEIVE_MESSAGE
ADDED from [:jpush_flutter] AndroidManifest.xml:25:17-82
	android:name
		ADDED from [:jpush_flutter] AndroidManifest.xml:25:25-79
permission#${JPUSH_PKGNAME}.permission.JPUSH_MESSAGE
ADDED from [cn.jiguang.sdk:jpush:3.1.6] AndroidManifest.xml:11:5-13:47
	android:protectionLevel
		ADDED from [cn.jiguang.sdk:jpush:3.1.6] AndroidManifest.xml:13:9-44
	android:name
		ADDED from [cn.jiguang.sdk:jpush:3.1.6] AndroidManifest.xml:12:9-65
permission#com.omron.jpush_demo.permission.JPUSH_MESSAGE
ADDED from [cn.jiguang.sdk:jpush:3.1.6] AndroidManifest.xml:11:5-13:47
	android:protectionLevel
		ADDED from [cn.jiguang.sdk:jpush:3.1.6] AndroidManifest.xml:13:9-44
	android:name
		ADDED from [cn.jiguang.sdk:jpush:3.1.6] AndroidManifest.xml:12:9-65
uses-permission#${JPUSH_PKGNAME}.permission.JPUSH_MESSAGE
ADDED from [cn.jiguang.sdk:jpush:3.1.6] AndroidManifest.xml:16:5-81
	android:name
		ADDED from [cn.jiguang.sdk:jpush:3.1.6] AndroidManifest.xml:16:22-78
uses-permission#com.omron.jpush_demo.permission.JPUSH_MESSAGE
ADDED from [cn.jiguang.sdk:jpush:3.1.6] AndroidManifest.xml:16:5-81
	android:name
		ADDED from [cn.jiguang.sdk:jpush:3.1.6] AndroidManifest.xml:16:22-78
uses-permission#android.permission.RECEIVE_USER_PRESENT
ADDED from [cn.jiguang.sdk:jpush:3.1.6] AndroidManifest.xml:17:5-79
	android:name
		ADDED from [cn.jiguang.sdk:jpush:3.1.6] AndroidManifest.xml:17:22-76
uses-permission#android.permission.WAKE_LOCK
ADDED from [cn.jiguang.sdk:jpush:3.1.6] AndroidManifest.xml:19:5-68
	android:name
		ADDED from [cn.jiguang.sdk:jpush:3.1.6] AndroidManifest.xml:19:22-65
uses-permission#android.permission.READ_PHONE_STATE
ADDED from [cn.jiguang.sdk:jpush:3.1.6] AndroidManifest.xml:20:5-75
	android:name
		ADDED from [cn.jiguang.sdk:jpush:3.1.6] AndroidManifest.xml:20:22-72
uses-permission#android.permission.WRITE_EXTERNAL_STORAGE
ADDED from [cn.jiguang.sdk:jpush:3.1.6] AndroidManifest.xml:21:5-81
	android:name
		ADDED from [cn.jiguang.sdk:jpush:3.1.6] AndroidManifest.xml:21:22-78
uses-permission#android.permission.READ_EXTERNAL_STORAGE
ADDED from [cn.jiguang.sdk:jpush:3.1.6] AndroidManifest.xml:22:5-80
	android:name
		ADDED from [cn.jiguang.sdk:jpush:3.1.6] AndroidManifest.xml:22:22-77
uses-permission#android.permission.WRITE_SETTINGS
ADDED from [cn.jiguang.sdk:jpush:3.1.6] AndroidManifest.xml:23:5-73
	android:name
		ADDED from [cn.jiguang.sdk:jpush:3.1.6] AndroidManifest.xml:23:22-70
uses-permission#android.permission.VIBRATE
ADDED from [cn.jiguang.sdk:jpush:3.1.6] AndroidManifest.xml:24:5-66
	android:name
		ADDED from [cn.jiguang.sdk:jpush:3.1.6] AndroidManifest.xml:24:22-63
uses-permission#android.permission.MOUNT_UNMOUNT_FILESYSTEMS
ADDED from [cn.jiguang.sdk:jpush:3.1.6] AndroidManifest.xml:25:5-84
	android:name
		ADDED from [cn.jiguang.sdk:jpush:3.1.6] AndroidManifest.xml:25:22-81
uses-permission#android.permission.ACCESS_NETWORK_STATE
ADDED from [cn.jiguang.sdk:jpush:3.1.6] AndroidManifest.xml:26:5-79
	android:name
		ADDED from [cn.jiguang.sdk:jpush:3.1.6] AndroidManifest.xml:26:22-76
uses-permission#android.permission.ACCESS_WIFI_STATE
ADDED from [cn.jiguang.sdk:jpush:3.1.6] AndroidManifest.xml:27:5-76
	android:name
		ADDED from [cn.jiguang.sdk:jpush:3.1.6] AndroidManifest.xml:27:22-73
uses-permission#android.permission.SYSTEM_ALERT_WINDOW
ADDED from [cn.jiguang.sdk:jpush:3.1.6] AndroidManifest.xml:30:5-78
	android:name
		ADDED from [cn.jiguang.sdk:jpush:3.1.6] AndroidManifest.xml:30:22-75
uses-permission#android.permission.ACCESS_COARSE_LOCATION
ADDED from [cn.jiguang.sdk:jpush:3.1.6] AndroidManifest.xml:31:5-81
	android:name
		ADDED from [cn.jiguang.sdk:jpush:3.1.6] AndroidManifest.xml:31:22-78
uses-permission#android.permission.CHANGE_WIFI_STATE
ADDED from [cn.jiguang.sdk:jpush:3.1.6] AndroidManifest.xml:32:5-76
	android:name
		ADDED from [cn.jiguang.sdk:jpush:3.1.6] AndroidManifest.xml:32:22-73
uses-permission#android.permission.ACCESS_FINE_LOCATION
ADDED from [cn.jiguang.sdk:jpush:3.1.6] AndroidManifest.xml:33:5-79
	android:name
		ADDED from [cn.jiguang.sdk:jpush:3.1.6] AndroidManifest.xml:33:22-76
uses-permission#android.permission.ACCESS_LOCATION_EXTRA_COMMANDS
ADDED from [cn.jiguang.sdk:jpush:3.1.6] AndroidManifest.xml:34:5-89
	android:name
		ADDED from [cn.jiguang.sdk:jpush:3.1.6] AndroidManifest.xml:34:22-86
uses-permission#android.permission.CHANGE_NETWORK_STATE
ADDED from [cn.jiguang.sdk:jpush:3.1.6] AndroidManifest.xml:35:5-79
	android:name
		ADDED from [cn.jiguang.sdk:jpush:3.1.6] AndroidManifest.xml:35:22-76
activity#cn.jpush.android.ui.PopWinActivity
ADDED from [cn.jiguang.sdk:jpush:3.1.6] AndroidManifest.xml:40:9-43:52
	android:exported
		ADDED from [cn.jiguang.sdk:jpush:3.1.6] AndroidManifest.xml:42:13-37
	android:theme
		ADDED from [cn.jiguang.sdk:jpush:3.1.6] AndroidManifest.xml:43:13-49
	android:name
		ADDED from [cn.jiguang.sdk:jpush:3.1.6] AndroidManifest.xml:41:13-62
activity#cn.jpush.android.ui.PushActivity
ADDED from [cn.jiguang.sdk:jpush:3.1.6] AndroidManifest.xml:46:9-57:20
	android:exported
		ADDED from [cn.jiguang.sdk:jpush:3.1.6] AndroidManifest.xml:49:13-37
	android:configChanges
		ADDED from [cn.jiguang.sdk:jpush:3.1.6] AndroidManifest.xml:48:13-63
	android:theme
		ADDED from [cn.jiguang.sdk:jpush:3.1.6] AndroidManifest.xml:50:13-60
	android:name
		ADDED from [cn.jiguang.sdk:jpush:3.1.6] AndroidManifest.xml:47:13-60
intent-filter#action:name:cn.jpush.android.ui.PushActivity+category:name:${JPUSH_PKGNAME}+category:name:android.intent.category.DEFAULT
ADDED from [cn.jiguang.sdk:jpush:3.1.6] AndroidManifest.xml:51:13-56:29
intent-filter#action:name:cn.jpush.android.ui.PushActivity+category:name:android.intent.category.DEFAULT+category:name:com.omron.jpush_demo
ADDED from [cn.jiguang.sdk:jpush:3.1.6] AndroidManifest.xml:51:13-56:29
action#cn.jpush.android.ui.PushActivity
ADDED from [cn.jiguang.sdk:jpush:3.1.6] AndroidManifest.xml:52:17-75
	android:name
		ADDED from [cn.jiguang.sdk:jpush:3.1.6] AndroidManifest.xml:52:25-72
category#android.intent.category.DEFAULT
ADDED from [cn.jiguang.sdk:jpush:3.1.6] AndroidManifest.xml:54:17-76
	android:name
		ADDED from [cn.jiguang.sdk:jpush:3.1.6] AndroidManifest.xml:54:27-73
category#${JPUSH_PKGNAME}
ADDED from [cn.jiguang.sdk:jpush:3.1.6] AndroidManifest.xml:55:17-61
	android:name
		ADDED from [cn.jiguang.sdk:jpush:3.1.6] AndroidManifest.xml:55:27-58
service#cn.jpush.android.service.PushService
ADDED from [cn.jiguang.sdk:jpush:3.1.6] AndroidManifest.xml:60:9-71:19
	android:process
		ADDED from [cn.jiguang.sdk:jpush:3.1.6] AndroidManifest.xml:64:13-40
	android:enabled
		ADDED from [cn.jiguang.sdk:jpush:3.1.6] AndroidManifest.xml:62:13-35
	android:exported
		ADDED from [cn.jiguang.sdk:jpush:3.1.6] AndroidManifest.xml:63:13-37
	android:name
		ADDED from [cn.jiguang.sdk:jpush:3.1.6] AndroidManifest.xml:61:13-64
intent-filter#action:name:cn.jpush.android.intent.PUSH_TIME+action:name:cn.jpush.android.intent.PushService+action:name:cn.jpush.android.intent.REGISTER+action:name:cn.jpush.android.intent.REPORT
ADDED from [cn.jiguang.sdk:jpush:3.1.6] AndroidManifest.xml:65:13-70:29
action#cn.jpush.android.intent.REGISTER
ADDED from [cn.jiguang.sdk:jpush:3.1.6] AndroidManifest.xml:66:17-75
	android:name
		ADDED from [cn.jiguang.sdk:jpush:3.1.6] AndroidManifest.xml:66:25-72
action#cn.jpush.android.intent.REPORT
ADDED from [cn.jiguang.sdk:jpush:3.1.6] AndroidManifest.xml:67:17-73
	android:name
		ADDED from [cn.jiguang.sdk:jpush:3.1.6] AndroidManifest.xml:67:25-70
action#cn.jpush.android.intent.PushService
ADDED from [cn.jiguang.sdk:jpush:3.1.6] AndroidManifest.xml:68:17-78
	android:name
		ADDED from [cn.jiguang.sdk:jpush:3.1.6] AndroidManifest.xml:68:25-75
action#cn.jpush.android.intent.PUSH_TIME
ADDED from [cn.jiguang.sdk:jpush:3.1.6] AndroidManifest.xml:69:17-76
	android:name
		ADDED from [cn.jiguang.sdk:jpush:3.1.6] AndroidManifest.xml:69:25-73
service#cn.jpush.android.service.DaemonService
ADDED from [cn.jiguang.sdk:jpush:3.1.6] AndroidManifest.xml:75:9-84:19
	android:enabled
		ADDED from [cn.jiguang.sdk:jpush:3.1.6] AndroidManifest.xml:77:13-35
	android:exported
		ADDED from [cn.jiguang.sdk:jpush:3.1.6] AndroidManifest.xml:78:13-36
	android:name
		ADDED from [cn.jiguang.sdk:jpush:3.1.6] AndroidManifest.xml:76:13-66
intent-filter#action:name:cn.jpush.android.intent.DaemonService+category:name:${JPUSH_PKGNAME}
ADDED from [cn.jiguang.sdk:jpush:3.1.6] AndroidManifest.xml:79:13-83:29
intent-filter#action:name:cn.jpush.android.intent.DaemonService+category:name:com.omron.jpush_demo
ADDED from [cn.jiguang.sdk:jpush:3.1.6] AndroidManifest.xml:79:13-83:29
action#cn.jpush.android.intent.DaemonService
ADDED from [cn.jiguang.sdk:jpush:3.1.6] AndroidManifest.xml:80:17-80
	android:name
		ADDED from [cn.jiguang.sdk:jpush:3.1.6] AndroidManifest.xml:80:25-77
receiver#cn.jpush.android.service.PushReceiver
ADDED from [cn.jiguang.sdk:jpush:3.1.6] AndroidManifest.xml:87:9-106:20
	android:enabled
		ADDED from [cn.jiguang.sdk:jpush:3.1.6] AndroidManifest.xml:89:13-35
	android:exported
		ADDED from [cn.jiguang.sdk:jpush:3.1.6] AndroidManifest.xml:90:13-37
	android:name
		ADDED from [cn.jiguang.sdk:jpush:3.1.6] AndroidManifest.xml:88:13-65
intent-filter#action:name:cn.jpush.android.intent.NOTIFICATION_RECEIVED_PROXY+category:name:${JPUSH_PKGNAME}
ADDED from [cn.jiguang.sdk:jpush:3.1.6] AndroidManifest.xml:91:13-94:29
	android:priority
		ADDED from [cn.jiguang.sdk:jpush:3.1.6] AndroidManifest.xml:91:28-51
intent-filter#action:name:cn.jpush.android.intent.NOTIFICATION_RECEIVED_PROXY+category:name:com.omron.jpush_demo
ADDED from [cn.jiguang.sdk:jpush:3.1.6] AndroidManifest.xml:91:13-94:29
	android:priority
		ADDED from [cn.jiguang.sdk:jpush:3.1.6] AndroidManifest.xml:91:28-51
action#cn.jpush.android.intent.NOTIFICATION_RECEIVED_PROXY
ADDED from [cn.jiguang.sdk:jpush:3.1.6] AndroidManifest.xml:92:17-94
	android:name
		ADDED from [cn.jiguang.sdk:jpush:3.1.6] AndroidManifest.xml:92:25-91
intent-filter#action:name:android.intent.action.USER_PRESENT+action:name:android.net.conn.CONNECTIVITY_CHANGE
ADDED from [cn.jiguang.sdk:jpush:3.1.6] AndroidManifest.xml:95:13-98:29
action#android.intent.action.USER_PRESENT
ADDED from [cn.jiguang.sdk:jpush:3.1.6] AndroidManifest.xml:96:17-77
	android:name
		ADDED from [cn.jiguang.sdk:jpush:3.1.6] AndroidManifest.xml:96:25-74
action#android.net.conn.CONNECTIVITY_CHANGE
ADDED from [cn.jiguang.sdk:jpush:3.1.6] AndroidManifest.xml:97:17-79
	android:name
		ADDED from [cn.jiguang.sdk:jpush:3.1.6] AndroidManifest.xml:97:25-76
intent-filter#action:name:android.intent.action.PACKAGE_ADDED+action:name:android.intent.action.PACKAGE_REMOVED+data:scheme:package
ADDED from [cn.jiguang.sdk:jpush:3.1.6] AndroidManifest.xml:100:13-105:29
action#android.intent.action.PACKAGE_ADDED
ADDED from [cn.jiguang.sdk:jpush:3.1.6] AndroidManifest.xml:101:17-78
	android:name
		ADDED from [cn.jiguang.sdk:jpush:3.1.6] AndroidManifest.xml:101:25-75
action#android.intent.action.PACKAGE_REMOVED
ADDED from [cn.jiguang.sdk:jpush:3.1.6] AndroidManifest.xml:102:17-80
	android:name
		ADDED from [cn.jiguang.sdk:jpush:3.1.6] AndroidManifest.xml:102:25-77
data
ADDED from [cn.jiguang.sdk:jpush:3.1.6] AndroidManifest.xml:104:17-50
	android:scheme
		ADDED from [cn.jiguang.sdk:jpush:3.1.6] AndroidManifest.xml:104:23-47
receiver#cn.jpush.android.service.AlarmReceiver
ADDED from [cn.jiguang.sdk:jpush:3.1.6] AndroidManifest.xml:109:9-111:40
	android:exported
		ADDED from [cn.jiguang.sdk:jpush:3.1.6] AndroidManifest.xml:111:13-37
	android:name
		ADDED from [cn.jiguang.sdk:jpush:3.1.6] AndroidManifest.xml:110:13-66
provider#cn.jpush.android.service.DataProvider
ADDED from [cn.jiguang.sdk:jpush:3.1.6] AndroidManifest.xml:113:9-117:43
	android:process
		ADDED from [cn.jiguang.sdk:jpush:3.1.6] AndroidManifest.xml:117:13-40
	android:authorities
		ADDED from [cn.jiguang.sdk:jpush:3.1.6] AndroidManifest.xml:115:13-64
	android:exported
		ADDED from [cn.jiguang.sdk:jpush:3.1.6] AndroidManifest.xml:116:13-37
	android:name
		ADDED from [cn.jiguang.sdk:jpush:3.1.6] AndroidManifest.xml:114:13-65
provider#cn.jpush.android.service.DownloadProvider
ADDED from [cn.jiguang.sdk:jpush:3.1.6] AndroidManifest.xml:119:9-122:39
	android:authorities
		ADDED from [cn.jiguang.sdk:jpush:3.1.6] AndroidManifest.xml:121:13-68
	android:exported
		ADDED from [cn.jiguang.sdk:jpush:3.1.6] AndroidManifest.xml:122:13-36
	android:name
		ADDED from [cn.jiguang.sdk:jpush:3.1.6] AndroidManifest.xml:120:13-69
meta-data#JPUSH_CHANNEL
ADDED from [cn.jiguang.sdk:jpush:3.1.6] AndroidManifest.xml:125:9-127:48
	android:value
		ADDED from [cn.jiguang.sdk:jpush:3.1.6] AndroidManifest.xml:127:13-45
	android:name
		ADDED from [cn.jiguang.sdk:jpush:3.1.6] AndroidManifest.xml:126:13-41
meta-data#JPUSH_APPKEY
ADDED from [cn.jiguang.sdk:jpush:3.1.6] AndroidManifest.xml:128:9-130:47
	android:value
		ADDED from [cn.jiguang.sdk:jpush:3.1.6] AndroidManifest.xml:130:13-44
	android:name
		ADDED from [cn.jiguang.sdk:jpush:3.1.6] AndroidManifest.xml:129:13-40